<?xml version="1.0" encoding="UTF-8"?>
<testng-results skipped="0" failed="0" ignored="0" total="1" passed="1">
  <reporter-output>
  </reporter-output>
  <suite name="Suite" duration-ms="830" started-at="2018-07-11T09:47:21Z" finished-at="2018-07-11T09:47:22Z">
    <groups>
      <group name="cucumber">
        <method signature="AbstractTestNGCucumberTests.feature(cucumber.api.testng.CucumberFeatureWrapper)[pri:0, instance:com.byjus.test.TestRunTest@26f67b76]" name="feature" class="cucumber.api.testng.AbstractTestNGCucumberTests"/>
      </group> <!-- cucumber -->
    </groups>
    <test name="Test" duration-ms="830" started-at="2018-07-11T09:47:21Z" finished-at="2018-07-11T09:47:22Z">
      <class name="com.byjus.test.TestRunTest">
        <test-method status="PASS" signature="setUpClass()[pri:0, instance:com.byjus.test.TestRunTest@26f67b76]" name="setUpClass" is-config="true" duration-ms="303" started-at="2018-07-11T15:17:21Z" finished-at="2018-07-11T15:17:22Z">
          <reporter-output>
          </reporter-output>
        </test-method> <!-- setUpClass -->
        <test-method status="PASS" signature="feature(cucumber.api.testng.CucumberFeatureWrapper)[pri:0, instance:com.byjus.test.TestRunTest@26f67b76]" name="feature" duration-ms="230" started-at="2018-07-11T15:17:22Z" description="Runs Cucumber Feature" data-provider="features" finished-at="2018-07-11T15:17:22Z">
          <params>
            <param index="0">
              <value>
                <![CDATA[Login Test]]>
              </value>
            </param>
          </params>
          <reporter-output>
          </reporter-output>
        </test-method> <!-- feature -->
        <test-method status="PASS" signature="tearDownClass()[pri:0, instance:com.byjus.test.TestRunTest@26f67b76]" name="tearDownClass" is-config="true" duration-ms="171" started-at="2018-07-11T15:17:22Z" finished-at="2018-07-11T15:17:22Z">
          <reporter-output>
          </reporter-output>
        </test-method> <!-- tearDownClass -->
      </class> <!-- com.byjus.test.TestRunTest -->
    </test> <!-- Test -->
  </suite> <!-- Suite -->
</testng-results>
